<?xml version="1.0" encoding="UTF-8"?>
<!-- Generated by org.testng.reporters.JUnitReportReporter -->
<testsuite hostname="DESKTOP-UE88MHH" failures="0" tests="1" name="com.saucelab.tests.HomepageTest" time="5.709" errors="0" timestamp="2024-09-23T15:38:10 IST" skipped="0">
  <testcase classname="com.saucelab.tests.HomepageTest" name="test3" time="5.709"/>
</testsuite> <!-- com.saucelab.tests.HomepageTest -->
