<?xml version="1.0" encoding="UTF-8"?>
<!-- Generated by org.testng.reporters.JUnitReportReporter -->
<testsuite hostname="DESKTOP-UE88MHH" failures="0" tests="1" name="com.assertj.AssertJPractice" time="0.142" errors="0" timestamp="2024-09-23T15:17:49 IST" skipped="0">
  <testcase classname="com.assertj.AssertJPractice" name="validate" time="0.142"/>
</testsuite> <!-- com.assertj.AssertJPractice -->
