<?xml version="1.0" encoding="UTF-8"?>
<!-- Generated by org.testng.reporters.JUnitReportReporter -->
<testsuite hostname="DESKTOP-UE88MHH" failures="0" tests="1" name="com.nopcommerce.tests.LoginPageTest" time="3.004" errors="0" timestamp="2024-09-22T23:16:47 IST" skipped="0">
  <testcase classname="com.nopcommerce.tests.LoginPageTest" name="test1" time="3.004"/>
</testsuite> <!-- com.nopcommerce.tests.LoginPageTest -->
